2026.03.23 22:50:56 INFO  Started: Metals version 1.6.6 in folders '/home/breno/codes/cottonml/cottonml' for client Visual Studio Code 1.112.0.[0m
2026.03.23 22:50:56 INFO  Memory monitor started[0m
2026.03.23 22:50:56 WARN  Using H2 2.4.240 which is newer than the version Flyway has been verified with. The latest verified version of H2 is 2.3.232.[0m
2026.03.23 22:50:56 INFO  no build target found for /home/breno/codes/cottonml/cottonml/src/main/java/ml/cotton/CottonML.java. Using fallback presentation compiler.[0m
2026.03.23 22:50:57 INFO  no build target found for /home/breno/codes/cottonml/cottonml/src/main/java/ml/cotton/CottonML.java. Using fallback presentation compiler.[0m
2026.03.23 22:50:58 INFO  no build target found for /home/breno/codes/cottonml/cottonml/src/main/java/ml/cotton/CottonML.java. Using fallback presentation compiler.[0m
2026.03.23 22:50:58 INFO  no build target found for /home/breno/codes/cottonml/cottonml/src/main/java/ml/cotton/CottonML.java. Using fallback presentation compiler.[0m
2026.03.23 22:50:59 INFO  no build target found for /home/breno/codes/cottonml/cottonml/src/main/java/ml/cotton/CottonML.java. Using fallback presentation compiler.[0m
2026.03.23 22:51:00 INFO  no build target found for /home/breno/codes/cottonml/cottonml/src/main/java/ml/cotton/CottonML.java. Using fallback presentation compiler.[0m
2026.03.23 22:51:00 INFO  no build target found for /home/breno/codes/cottonml/cottonml/src/main/java/ml/cotton/App.java. Using fallback presentation compiler.[0m
2026.03.23 22:51:00 INFO  no build target found for /home/breno/codes/cottonml/cottonml/src/main/java/ml/cotton/App.java. Using fallback presentation compiler.[0m
2026.03.23 22:51:00 INFO  no build target found for /home/breno/codes/cottonml/cottonml/src/main/java/ml/cotton/App.java. Using fallback presentation compiler.[0m
2026.03.23 22:51:02 INFO  no build target found for /home/breno/codes/cottonml/cottonml/src/main/java/ml/cotton/App.java. Using fallback presentation compiler.[0m
2026.03.23 22:51:02 INFO  no build target found for /home/breno/codes/cottonml/cottonml/src/main/java/ml/cotton/App.java. Using fallback presentation compiler.[0m
2026.03.23 22:51:02 INFO  no build target found for /home/breno/codes/cottonml/cottonml/src/main/java/ml/cotton/App.java. Using fallback presentation compiler.[0m
2026.03.23 22:51:02 INFO  no build target found for /home/breno/codes/cottonml/cottonml/src/main/java/ml/cotton/App.java. Using fallback presentation compiler.[0m
2026.03.23 22:51:02 INFO  no build target found for /home/breno/codes/cottonml/cottonml/src/main/java/ml/cotton/App.java. Using fallback presentation compiler.[0m
2026.03.23 22:51:02 INFO  no build target found for /home/breno/codes/cottonml/cottonml/src/main/java/ml/cotton/App.java. Using fallback presentation compiler.[0m
2026.03.23 22:51:02 INFO  no build target found for /home/breno/codes/cottonml/cottonml/src/main/java/ml/cotton/App.java. Using fallback presentation compiler.[0m
2026.03.23 22:51:04 INFO  no build target found for /home/breno/codes/cottonml/cottonml/src/main/java/ml/cotton/App.java. Using fallback presentation compiler.[0m
2026.03.23 22:51:04 WARN  no build target for: /home/breno/codes/cottonml/cottonml/src/main/java/ml/cotton/App.java[0m
2026.03.23 22:51:04 INFO  no build target found for /home/breno/codes/cottonml/cottonml/src/main/java/ml/cotton/App.java. Using fallback presentation compiler.[0m
2026.03.23 22:51:04 INFO  Created report: Optional[file:///home/breno/codes/cottonml/cottonml/src/main/java/ml/cotton/App.java][0m
2026.03.23 22:51:04 INFO  empty definition using pc, found symbol in pc: java/io/PrintStream#println(+8). (full report at: "/home/breno/codes/cottonml/cottonml/.metals/.reports/metals-full/2026-03-23/r_empty-definition_22-51-04-091.md")[0m
2026.03.23 22:52:12 INFO  no build target found for /home/breno/codes/cottonml/cottonml/src/test/java/ml/cotton/AppTest.java. Using fallback presentation compiler.[0m
2026.03.23 22:52:12 INFO  no build target found for /home/breno/codes/cottonml/cottonml/src/test/java/ml/cotton/AppTest.java. Using fallback presentation compiler.[0m
Mar 23, 2026 10:52:12 PM org.eclipse.lsp4j.jsonrpc.RemoteEndpoint handleCancellation
WARNING: Unmatched cancel notification for request id 35
2026.03.23 22:52:12 INFO  no build target found for /home/breno/codes/cottonml/cottonml/src/test/java/ml/cotton/AppTest.java. Using fallback presentation compiler.[0m
2026.03.23 22:52:12 INFO  no build target found for /home/breno/codes/cottonml/cottonml/src/test/java/ml/cotton/AppTest.java. Using fallback presentation compiler.[0m
2026.03.23 22:52:15 INFO  no build target found for /home/breno/codes/cottonml/cottonml/src/test/java/ml/cotton/AppTest.java. Using fallback presentation compiler.[0m
2026.03.23 22:52:18 INFO  no build target found for /home/breno/codes/cottonml/cottonml/src/main/java/ml/cotton/App.java. Using fallback presentation compiler.[0m
2026.03.23 22:52:18 WARN  no build target for: /home/breno/codes/cottonml/cottonml/src/main/java/ml/cotton/App.java[0m
2026.03.23 22:52:18 INFO  no build target found for /home/breno/codes/cottonml/cottonml/src/main/java/ml/cotton/App.java. Using fallback presentation compiler.[0m
2026.03.23 22:52:19 INFO  no build target found for /home/breno/codes/cottonml/cottonml/src/main/java/ml/cotton/App.java. Using fallback presentation compiler.[0m
2026.03.23 22:52:19 INFO  no build target found for /home/breno/codes/cottonml/cottonml/src/test/java/ml/cotton/AppTest.java. Using fallback presentation compiler.[0m
2026.03.23 22:52:19 WARN  no build target for: /home/breno/codes/cottonml/cottonml/src/test/java/ml/cotton/AppTest.java[0m
2026.03.23 22:52:19 INFO  no build target found for /home/breno/codes/cottonml/cottonml/src/test/java/ml/cotton/AppTest.java. Using fallback presentation compiler.[0m
2026.03.23 22:52:19 INFO  no build target found for /home/breno/codes/cottonml/cottonml/src/test/java/ml/cotton/AppTest.java. Using fallback presentation compiler.[0m
2026.03.23 22:52:19 INFO  no build target found for /home/breno/codes/cottonml/cottonml/src/test/java/ml/cotton/AppTest.java. Using fallback presentation compiler.[0m
2026.03.23 22:52:20 WARN  no build target for: /home/breno/codes/cottonml/cottonml/src/test/java/ml/cotton/AppTest.java[0m
2026.03.23 22:52:20 INFO  no build target found for /home/breno/codes/cottonml/cottonml/src/test/java/ml/cotton/AppTest.java. Using fallback presentation compiler.[0m
2026.03.23 22:52:21 INFO  no build target found for /home/breno/codes/cottonml/cottonml/src/test/java/ml/cotton/AppTest.java. Using fallback presentation compiler.[0m
2026.03.23 22:52:21 INFO  no build target found for /home/breno/codes/cottonml/cottonml/src/test/java/ml/cotton/AppTest.java. Using fallback presentation compiler.[0m
2026.03.23 22:52:21 INFO  no build target found for /home/breno/codes/cottonml/cottonml/src/test/java/ml/cotton/AppTest.java. Using fallback presentation compiler.[0m
2026.03.23 22:52:24 INFO  no build target found for /home/breno/codes/cottonml/cottonml/src/main/java/ml/cotton/CottonML.java. Using fallback presentation compiler.[0m
2026.03.23 22:52:24 INFO  no build target found for /home/breno/codes/cottonml/cottonml/src/main/java/ml/cotton/CottonML.java. Using fallback presentation compiler.[0m
2026.03.23 22:52:24 INFO  no build target found for /home/breno/codes/cottonml/cottonml/src/main/java/ml/cotton/CottonML.java. Using fallback presentation compiler.[0m
2026.03.23 22:52:25 INFO  no build target found for /home/breno/codes/cottonml/cottonml/src/main/java/ml/cotton/CottonML.java. Using fallback presentation compiler.[0m
Mar 23, 2026 10:52:32 PM org.eclipse.lsp4j.jsonrpc.services.GenericEndpoint notify
INFO: Unsupported notification method: $/setTrace
2026.03.23 22:52:32 INFO  no build target found for /home/breno/codes/cottonml/cottonml/src/main/java/ml/cotton/CottonML.java. Using fallback presentation compiler.[0m
2026.03.23 22:52:46 INFO  no build target found for /home/breno/codes/cottonml/cottonml/src/main/java/ml/cotton/CottonML.java. Using fallback presentation compiler.[0m
2026.03.24 20:54:54 INFO  Started: Metals version 1.6.6 in folders '/home/breno/codes/cottonml/cottonml' for client Visual Studio Code 1.112.0.[0m
2026.03.24 20:54:54 INFO  Memory monitor started[0m
2026.03.24 20:54:56 WARN  Using H2 2.4.240 which is newer than the version Flyway has been verified with. The latest verified version of H2 is 2.3.232.[0m
2026.03.24 20:54:56 INFO  no build target found for /home/breno/codes/cottonml/cottonml/src/main/java/ml/cotton/CottonML.java. Using fallback presentation compiler.[0m
Mar 24, 2026 8:54:57 PM org.eclipse.lsp4j.jsonrpc.RemoteEndpoint handleCancellation
WARNING: Unmatched cancel notification for request id 2
2026.03.24 20:54:56 INFO  no build target found for /home/breno/codes/cottonml/cottonml/src/main/java/ml/cotton/CottonML.java. Using fallback presentation compiler.[0m
2026.03.24 20:54:56 INFO  no build target found for /home/breno/codes/cottonml/cottonml/src/main/java/ml/cotton/CottonML.java. Using fallback presentation compiler.[0m
Mar 24, 2026 8:54:57 PM org.eclipse.lsp4j.jsonrpc.RemoteEndpoint handleCancellation
WARNING: Unmatched cancel notification for request id 6
2026.03.24 20:54:57 INFO  no build target found for /home/breno/codes/cottonml/cottonml/src/main/java/ml/cotton/CottonML.java. Using fallback presentation compiler.[0m
Mar 24, 2026 11:08:39 PM org.eclipse.lsp4j.jsonrpc.services.GenericEndpoint notify
INFO: Unsupported notification method: $/setTrace
Mar 24, 2026 11:08:39 PM org.eclipse.lsp4j.jsonrpc.services.GenericEndpoint notify
INFO: Unsupported notification method: $/setTrace
2026.03.25 01:33:54 INFO  no build target found for /home/breno/codes/cottonml/cottonml/src/main/java/ml/cotton/CottonML.java. Using fallback presentation compiler.[0m
2026.03.25 01:33:55 WARN  no build target for: /home/breno/codes/cottonml/cottonml/src/main/java/ml/cotton/CottonML.java[0m
Mar 25, 2026 1:33:55 AM org.eclipse.lsp4j.jsonrpc.RemoteEndpoint handleCancellation
WARNING: Unmatched cancel notification for request id 39
2026.03.25 01:33:55 INFO  no build target found for /home/breno/codes/cottonml/cottonml/src/main/java/ml/cotton/CottonML.java. Using fallback presentation compiler.[0m
2026.03.25 01:33:54 INFO  no build target found for /home/breno/codes/cottonml/cottonml/src/main/java/ml/cotton/CottonML.java. Using fallback presentation compiler.[0m
2026.03.25 01:33:55 INFO  no build target found for /home/breno/codes/cottonml/cottonml/src/main/java/ml/cotton/CottonML.java. Using fallback presentation compiler.[0m
2026.03.25 01:33:56 INFO  no build target found for /home/breno/codes/cottonml/cottonml/src/main/java/ml/cotton/CottonML.java. Using fallback presentation compiler.[0m
2026.03.25 01:33:56 INFO  no build target found for /home/breno/codes/cottonml/cottonml/src/main/java/ml/cotton/CottonML.java. Using fallback presentation compiler.[0m
2026.03.25 20:59:04 INFO  Started: Metals version 1.6.6 in folders '/home/breno/codes/cottonml/cottonml' for client Visual Studio Code 1.112.0.[0m
2026.03.25 20:59:04 INFO  Memory monitor started[0m
2026.03.25 20:59:05 WARN  Using H2 2.4.240 which is newer than the version Flyway has been verified with. The latest verified version of H2 is 2.3.232.[0m
2026.03.25 21:09:38 INFO  Shutting down server[0m
2026.03.25 21:09:38 INFO  Memory monitor stopped[0m
2026.03.25 21:09:38 INFO  shutting down Metals[0m
2026.03.25 21:09:38 INFO  Exiting server[0m
2026.03.25 21:09:38 ERROR Unexpected error initializing server: 
org.eclipse.lsp4j.jsonrpc.ResponseErrorException: Request window/showMessageRequest failed with message: Canceled
	at org.eclipse.lsp4j.jsonrpc.RemoteEndpoint.handleResponse(RemoteEndpoint.java:214)
	at org.eclipse.lsp4j.jsonrpc.RemoteEndpoint.consume(RemoteEndpoint.java:198)
	at org.eclipse.lsp4j.jsonrpc.json.StreamMessageProducer.handleMessage(StreamMessageProducer.java:189)
	at org.eclipse.lsp4j.jsonrpc.json.StreamMessageProducer.listen(StreamMessageProducer.java:97)
	at org.eclipse.lsp4j.jsonrpc.json.ConcurrentMessageProcessor.run(ConcurrentMessageProcessor.java:97)
	at java.util.concurrent.Executors$RunnableAdapter.call(Executors.java:572)
	at java.util.concurrent.FutureTask.run(FutureTask.java:317)
	at java.util.concurrent.ThreadPoolExecutor.runWorker(ThreadPoolExecutor.java:1144)
	at java.util.concurrent.ThreadPoolExecutor$Worker.run(ThreadPoolExecutor.java:642)
	at java.lang.Thread.run(Thread.java:1583)
[0m
